0 info it worked if it ends with ok
1 verbose cli [ 'C:\\Program Files\\nodejs\\node.exe',
1 verbose cli   'C:\\Users\\teripal\\AppData\\Roaming\\npm\\node_modules\\npm\\bin\\npm-cli.js',
1 verbose cli   'i',
1 verbose cli   '-g',
1 verbose cli   'mongoui' ]
2 info using npm@4.0.5
3 info using node@v6.11.4
4 silly loadCurrentTree Starting
5 silly install loadCurrentTree
6 silly install readGlobalPackageData
7 silly fetchPackageMetaData mongoui
8 silly fetchNamedPackageData mongoui
9 silly mapToRegistry name mongoui
10 silly mapToRegistry using default registry
11 silly mapToRegistry registry https://registry.npmjs.org/
12 silly mapToRegistry data Result {
12 silly mapToRegistry   raw: 'mongoui',
12 silly mapToRegistry   scope: null,
12 silly mapToRegistry   escapedName: 'mongoui',
12 silly mapToRegistry   name: 'mongoui',
12 silly mapToRegistry   rawSpec: '',
12 silly mapToRegistry   spec: 'latest',
12 silly mapToRegistry   type: 'tag' }
13 silly mapToRegistry uri https://registry.npmjs.org/mongoui
14 verbose request uri https://registry.npmjs.org/mongoui
15 verbose request no auth needed
16 info attempt registry request try #1 at 6:28:47 AM
17 verbose request id 6b7089fff15868f8
18 http request GET https://registry.npmjs.org/mongoui
19 info retry will retry, error on last attempt: Error: read ECONNRESET
20 info attempt registry request try #2 at 6:31:18 AM
21 http request GET https://registry.npmjs.org/mongoui
22 info retry will retry, error on last attempt: Error: read ECONNRESET
23 info attempt registry request try #3 at 6:32:38 AM
24 http request GET https://registry.npmjs.org/mongoui
25 silly fetchPackageMetaData Error: connect ETIMEDOUT 104.16.27.35:443
25 silly fetchPackageMetaData     at Object.exports._errnoException (util.js:1020:11)
25 silly fetchPackageMetaData     at exports._exceptionWithHostPort (util.js:1043:20)
25 silly fetchPackageMetaData     at TCPConnectWrap.afterConnect [as oncomplete] (net.js:1090:14)
25 silly fetchPackageMetaData  error for mongoui { Error: connect ETIMEDOUT 104.16.27.35:443
25 silly fetchPackageMetaData     at Object.exports._errnoException (util.js:1020:11)
25 silly fetchPackageMetaData     at exports._exceptionWithHostPort (util.js:1043:20)
25 silly fetchPackageMetaData     at TCPConnectWrap.afterConnect [as oncomplete] (net.js:1090:14)
25 silly fetchPackageMetaData   code: 'ETIMEDOUT',
25 silly fetchPackageMetaData   errno: 'ETIMEDOUT',
25 silly fetchPackageMetaData   syscall: 'connect',
25 silly fetchPackageMetaData   address: '104.16.27.35',
25 silly fetchPackageMetaData   port: 443 }
26 silly rollbackFailedOptional Starting
27 verbose stack TypeError: Cannot read property 'path' of null
27 verbose stack     at Object.Installer.rollbackFailedOptional (C:\Users\teripal\AppData\Roaming\npm\node_modules\npm\lib\install.js:505:29)
27 verbose stack     at Array.<anonymous> (C:\Users\teripal\AppData\Roaming\npm\node_modules\npm\node_modules\slide\lib\bind-actor.js:15:8)
27 verbose stack     at LOOP (C:\Users\teripal\AppData\Roaming\npm\node_modules\npm\node_modules\slide\lib\chain.js:15:14)
27 verbose stack     at C:\Users\teripal\AppData\Roaming\npm\node_modules\npm\node_modules\slide\lib\chain.js:18:7
27 verbose stack     at C:\Users\teripal\AppData\Roaming\npm\node_modules\npm\lib\install.js:331:5
27 verbose stack     at Array.<anonymous> (C:\Users\teripal\AppData\Roaming\npm\node_modules\npm\node_modules\slide\lib\bind-actor.js:15:8)
27 verbose stack     at LOOP (C:\Users\teripal\AppData\Roaming\npm\node_modules\npm\node_modules\slide\lib\chain.js:15:14)
27 verbose stack     at chain (C:\Users\teripal\AppData\Roaming\npm\node_modules\npm\node_modules\slide\lib\chain.js:20:5)
27 verbose stack     at C:\Users\teripal\AppData\Roaming\npm\node_modules\npm\lib\install.js:288:5
27 verbose stack     at C:\Users\teripal\AppData\Roaming\npm\node_modules\npm\node_modules\slide\lib\chain.js:16:22
28 verbose cwd C:\Users\teripal\Desktop\git-it
29 error Windows_NT 10.0.17134
30 error argv "C:\\Program Files\\nodejs\\node.exe" "C:\\Users\\teripal\\AppData\\Roaming\\npm\\node_modules\\npm\\bin\\npm-cli.js" "i" "-g" "mongoui"
31 error node v6.11.4
32 error npm  v4.0.5
33 error Cannot read property 'path' of null
34 error If you need help, you may report this error at:
34 error     <https://github.com/npm/npm/issues>
35 verbose exit [ 1, true ]
